[2026-01-20 17:50:14] INFO | ACTION: API_REQUEST | USER: unknown | DETAILS: GET /api/auth/me | STATUS: pending
[2026-01-20 17:50:14] INFO | ACTION: API_RESPONSE | USER: unknown | DETAILS: GET /api/auth/me | Status: 401 | Time: 0.06s | STATUS: success
[2026-01-20 17:50:14] INFO | ACTION: API_REQUEST | USER: unknown | DETAILS: GET /api/auth/me | STATUS: pending
[2026-01-20 17:50:14] INFO | ACTION: API_RESPONSE | USER: unknown | DETAILS: GET /api/auth/me | Status: 401 | Time: 0.00s | STATUS: success
[2026-01-20 17:50:26] INFO | ACTION: API_REQUEST | USER: anonymous | DETAILS: POST /api/auth/login | STATUS: pending
[2026-01-20 17:50:26] ERROR | ACTION: LOGIN_FAILED | USER: stalin | DETAILS: Invalid credentials | STATUS: error
[2026-01-20 17:50:26] INFO | ACTION: API_RESPONSE | USER: anonymous | DETAILS: POST /api/auth/login | Status: 401 | Time: 0.01s | STATUS: success
[2026-01-20 17:51:35] INFO | ACTION: API_REQUEST | USER: anonymous | DETAILS: POST /api/auth/login | STATUS: pending
[2026-01-20 17:51:35] ERROR | ACTION: LOGIN_FAILED | USER: stalin | DETAILS: Invalid credentials | STATUS: error
[2026-01-20 17:51:35] INFO | ACTION: API_RESPONSE | USER: anonymous | DETAILS: POST /api/auth/login | Status: 401 | Time: 0.45s | STATUS: success
[2026-01-20 17:53:19] INFO | ACTION: API_REQUEST | USER: anonymous | DETAILS: POST /api/auth/login | STATUS: pending
[2026-01-20 17:53:20] INFO | ACTION: LOGIN_SUCCESS | USER: stalin | DETAILS: User stalin logged in | STATUS: success
[2026-01-20 17:53:20] INFO | ACTION: API_RESPONSE | USER: anonymous | DETAILS: POST /api/auth/login | Status: 200 | Time: 0.47s | STATUS: success
[2026-01-20 17:53:20] INFO | ACTION: API_REQUEST | USER: unknown | DETAILS: GET /api/auth/me | STATUS: pending
[2026-01-20 17:53:20] INFO | ACTION: API_RESPONSE | USER: unknown | DETAILS: GET /api/auth/me | Status: 200 | Time: 0.01s | STATUS: success
[2026-01-20 17:53:20] INFO | ACTION: API_REQUEST | USER: unknown | DETAILS: GET /api/leads | STATUS: pending
[2026-01-20 17:53:20] INFO | ACTION: API_REQUEST | USER: unknown | DETAILS: GET /api/opportunities | STATUS: pending
[2026-01-20 17:53:20] INFO | ACTION: API_REQUEST | USER: unknown | DETAILS: GET /api/leads | STATUS: pending
[2026-01-20 17:53:20] INFO | ACTION: API_REQUEST | USER: unknown | DETAILS: GET /api/contacts | STATUS: pending
[2026-01-20 17:53:20] INFO | ACTION: API_REQUEST | USER: unknown | DETAILS: GET /api/cases/by-priority | STATUS: pending
[2026-01-20 17:53:20] INFO | ACTION: API_REQUEST | USER: unknown | DETAILS: GET /api/opportunities | STATUS: pending
[2026-01-20 17:53:20] INFO | ACTION: API_RESPONSE | USER: unknown | DETAILS: GET /api/leads | Status: 200 | Time: 0.04s | STATUS: success
[2026-01-20 17:53:20] INFO | ACTION: API_RESPONSE | USER: unknown | DETAILS: GET /api/opportunities | Status: 200 | Time: 0.04s | STATUS: success
[2026-01-20 17:53:20] INFO | ACTION: API_RESPONSE | USER: unknown | DETAILS: GET /api/contacts | Status: 200 | Time: 0.04s | STATUS: success
[2026-01-20 17:53:20] INFO | ACTION: API_RESPONSE | USER: unknown | DETAILS: GET /api/cases/by-priority | Status: 200 | Time: 0.04s | STATUS: success
[2026-01-20 17:53:20] INFO | ACTION: API_RESPONSE | USER: unknown | DETAILS: GET /api/leads | Status: 200 | Time: 0.04s | STATUS: success
[2026-01-20 17:53:20] INFO | ACTION: API_RESPONSE | USER: unknown | DETAILS: GET /api/opportunities | Status: 200 | Time: 0.04s | STATUS: success
[2026-01-20 17:53:20] INFO | ACTION: API_REQUEST | USER: unknown | DETAILS: GET /api/cases/by-priority | STATUS: pending
[2026-01-20 17:53:20] INFO | ACTION: API_REQUEST | USER: unknown | DETAILS: GET /api/contacts | STATUS: pending
[2026-01-20 17:53:20] INFO | ACTION: API_REQUEST | USER: unknown | DETAILS: GET /api/dashboard/recent-records | STATUS: pending
[2026-01-20 17:53:20] INFO | ACTION: API_RESPONSE | USER: unknown | DETAILS: GET /api/cases/by-priority | Status: 200 | Time: 0.01s | STATUS: success
[2026-01-20 17:53:20] INFO | ACTION: API_RESPONSE | USER: unknown | DETAILS: GET /api/contacts | Status: 200 | Time: 0.01s | STATUS: success
[2026-01-20 17:53:20] INFO | ACTION: API_RESPONSE | USER: unknown | DETAILS: GET /api/dashboard/recent-records | Status: 200 | Time: 0.01s | STATUS: success
[2026-01-20 17:53:20] INFO | ACTION: API_REQUEST | USER: unknown | DETAILS: GET /api/dashboard/recent-records | STATUS: pending
[2026-01-20 17:53:20] INFO | ACTION: API_RESPONSE | USER: unknown | DETAILS: GET /api/dashboard/recent-records | Status: 200 | Time: 0.00s | STATUS: success
[2026-01-20 17:56:32] INFO | ACTION: API_REQUEST | USER: unknown | DETAILS: GET /api/auth/me | STATUS: pending
[2026-01-20 17:56:32] INFO | ACTION: API_REQUEST | USER: unknown | DETAILS: GET /api/auth/me | STATUS: pending
[2026-01-20 17:56:32] INFO | ACTION: API_RESPONSE | USER: unknown | DETAILS: GET /api/auth/me | Status: 200 | Time: 0.02s | STATUS: success
[2026-01-20 17:56:32] INFO | ACTION: API_RESPONSE | USER: unknown | DETAILS: GET /api/auth/me | Status: 200 | Time: 0.02s | STATUS: success
[2026-01-20 17:56:32] INFO | ACTION: API_REQUEST | USER: unknown | DETAILS: GET /api/leads | STATUS: pending
[2026-01-20 17:56:32] INFO | ACTION: API_REQUEST | USER: unknown | DETAILS: GET /api/opportunities | STATUS: pending
[2026-01-20 17:56:32] INFO | ACTION: API_REQUEST | USER: unknown | DETAILS: GET /api/contacts | STATUS: pending
[2026-01-20 17:56:32] INFO | ACTION: API_RESPONSE | USER: unknown | DETAILS: GET /api/leads | Status: 200 | Time: 0.01s | STATUS: success
[2026-01-20 17:56:32] INFO | ACTION: API_REQUEST | USER: unknown | DETAILS: GET /api/cases/by-priority | STATUS: pending
[2026-01-20 17:56:32] INFO | ACTION: API_RESPONSE | USER: unknown | DETAILS: GET /api/opportunities | Status: 200 | Time: 0.01s | STATUS: success
[2026-01-20 17:56:32] INFO | ACTION: API_REQUEST | USER: unknown | DETAILS: GET /api/dashboard/recent-records | STATUS: pending
[2026-01-20 17:56:32] INFO | ACTION: API_REQUEST | USER: unknown | DETAILS: GET /api/leads | STATUS: pending
[2026-01-20 17:56:32] INFO | ACTION: API_RESPONSE | USER: unknown | DETAILS: GET /api/contacts | Status: 200 | Time: 0.02s | STATUS: success
[2026-01-20 17:56:32] INFO | ACTION: API_REQUEST | USER: unknown | DETAILS: GET /api/opportunities | STATUS: pending
[2026-01-20 17:56:32] INFO | ACTION: API_REQUEST | USER: unknown | DETAILS: GET /api/contacts | STATUS: pending
[2026-01-20 17:56:32] INFO | ACTION: API_REQUEST | USER: unknown | DETAILS: GET /api/cases/by-priority | STATUS: pending
[2026-01-20 17:56:32] INFO | ACTION: API_RESPONSE | USER: unknown | DETAILS: GET /api/cases/by-priority | Status: 200 | Time: 0.01s | STATUS: success
[2026-01-20 17:56:32] INFO | ACTION: API_RESPONSE | USER: unknown | DETAILS: GET /api/dashboard/recent-records | Status: 200 | Time: 0.01s | STATUS: success
[2026-01-20 17:56:32] INFO | ACTION: API_RESPONSE | USER: unknown | DETAILS: GET /api/leads | Status: 200 | Time: 0.01s | STATUS: success
[2026-01-20 17:56:32] INFO | ACTION: API_RESPONSE | USER: unknown | DETAILS: GET /api/opportunities | Status: 200 | Time: 0.01s | STATUS: success
[2026-01-20 17:56:32] INFO | ACTION: API_REQUEST | USER: unknown | DETAILS: GET /api/dashboard/recent-records | STATUS: pending
[2026-01-20 17:56:32] INFO | ACTION: API_RESPONSE | USER: unknown | DETAILS: GET /api/contacts | Status: 200 | Time: 0.01s | STATUS: success
[2026-01-20 17:56:32] INFO | ACTION: API_RESPONSE | USER: unknown | DETAILS: GET /api/cases/by-priority | Status: 200 | Time: 0.01s | STATUS: success
[2026-01-20 17:56:32] INFO | ACTION: API_RESPONSE | USER: unknown | DETAILS: GET /api/dashboard/recent-records | Status: 200 | Time: 0.01s | STATUS: success
[2026-01-20 17:58:00] INFO | ACTION: API_REQUEST | USER: unknown | DETAILS: GET /api/auth/me | STATUS: pending
[2026-01-20 17:58:00] INFO | ACTION: API_REQUEST | USER: unknown | DETAILS: GET /api/auth/me | STATUS: pending
[2026-01-20 17:58:00] INFO | ACTION: API_RESPONSE | USER: unknown | DETAILS: GET /api/auth/me | Status: 200 | Time: 0.02s | STATUS: success
[2026-01-20 17:58:00] INFO | ACTION: API_RESPONSE | USER: unknown | DETAILS: GET /api/auth/me | Status: 200 | Time: 0.01s | STATUS: success
[2026-01-20 17:58:00] INFO | ACTION: API_REQUEST | USER: unknown | DETAILS: GET /api/leads | STATUS: pending
[2026-01-20 17:58:00] INFO | ACTION: API_REQUEST | USER: unknown | DETAILS: GET /api/opportunities | STATUS: pending
[2026-01-20 17:58:00] INFO | ACTION: API_REQUEST | USER: unknown | DETAILS: GET /api/contacts | STATUS: pending
[2026-01-20 17:58:00] INFO | ACTION: API_REQUEST | USER: unknown | DETAILS: GET /api/cases/by-priority | STATUS: pending
[2026-01-20 17:58:00] INFO | ACTION: API_RESPONSE | USER: unknown | DETAILS: GET /api/leads | Status: 200 | Time: 0.01s | STATUS: success
[2026-01-20 17:58:00] INFO | ACTION: API_REQUEST | USER: unknown | DETAILS: GET /api/dashboard/recent-records | STATUS: pending
[2026-01-20 17:58:00] INFO | ACTION: API_RESPONSE | USER: unknown | DETAILS: GET /api/opportunities | Status: 200 | Time: 0.01s | STATUS: success
[2026-01-20 17:58:00] INFO | ACTION: API_REQUEST | USER: unknown | DETAILS: GET /api/leads | STATUS: pending
[2026-01-20 17:58:00] INFO | ACTION: API_REQUEST | USER: unknown | DETAILS: GET /api/opportunities | STATUS: pending
[2026-01-20 17:58:00] INFO | ACTION: API_RESPONSE | USER: unknown | DETAILS: GET /api/contacts | Status: 200 | Time: 0.02s | STATUS: success
[2026-01-20 17:58:00] INFO | ACTION: API_REQUEST | USER: unknown | DETAILS: GET /api/contacts | STATUS: pending
[2026-01-20 17:58:00] INFO | ACTION: API_RESPONSE | USER: unknown | DETAILS: GET /api/cases/by-priority | Status: 200 | Time: 0.01s | STATUS: success
[2026-01-20 17:58:00] INFO | ACTION: API_RESPONSE | USER: unknown | DETAILS: GET /api/dashboard/recent-records | Status: 200 | Time: 0.01s | STATUS: success
[2026-01-20 17:58:00] INFO | ACTION: API_REQUEST | USER: unknown | DETAILS: GET /api/cases/by-priority | STATUS: pending
[2026-01-20 17:58:00] INFO | ACTION: API_RESPONSE | USER: unknown | DETAILS: GET /api/leads | Status: 200 | Time: 0.01s | STATUS: success
[2026-01-20 17:58:01] INFO | ACTION: API_REQUEST | USER: unknown | DETAILS: GET /api/dashboard/recent-records | STATUS: pending
[2026-01-20 17:58:01] INFO | ACTION: API_RESPONSE | USER: unknown | DETAILS: GET /api/opportunities | Status: 200 | Time: 0.02s | STATUS: success
[2026-01-20 17:58:01] INFO | ACTION: API_RESPONSE | USER: unknown | DETAILS: GET /api/contacts | Status: 200 | Time: 0.02s | STATUS: success
[2026-01-20 17:58:01] INFO | ACTION: API_RESPONSE | USER: unknown | DETAILS: GET /api/cases/by-priority | Status: 200 | Time: 0.02s | STATUS: success
[2026-01-20 17:58:01] INFO | ACTION: API_RESPONSE | USER: unknown | DETAILS: GET /api/dashboard/recent-records | Status: 200 | Time: 0.01s | STATUS: success
[2026-01-20 17:58:02] INFO | ACTION: API_REQUEST | USER: unknown | DETAILS: GET /api/auth/me | STATUS: pending
[2026-01-20 17:58:02] INFO | ACTION: API_REQUEST | USER: unknown | DETAILS: GET /api/auth/me | STATUS: pending
[2026-01-20 17:58:02] INFO | ACTION: API_RESPONSE | USER: unknown | DETAILS: GET /api/auth/me | Status: 200 | Time: 0.00s | STATUS: success
[2026-01-20 17:58:02] INFO | ACTION: API_RESPONSE | USER: unknown | DETAILS: GET /api/auth/me | Status: 200 | Time: 0.00s | STATUS: success
[2026-01-20 17:58:02] INFO | ACTION: API_REQUEST | USER: unknown | DETAILS: GET /api/leads | STATUS: pending
[2026-01-20 17:58:02] INFO | ACTION: API_REQUEST | USER: unknown | DETAILS: GET /api/opportunities | STATUS: pending
[2026-01-20 17:58:02] INFO | ACTION: API_REQUEST | USER: unknown | DETAILS: GET /api/contacts | STATUS: pending
[2026-01-20 17:58:02] INFO | ACTION: API_REQUEST | USER: unknown | DETAILS: GET /api/cases/by-priority | STATUS: pending
[2026-01-20 17:58:02] INFO | ACTION: API_REQUEST | USER: unknown | DETAILS: GET /api/dashboard/recent-records | STATUS: pending
[2026-01-20 17:58:02] INFO | ACTION: API_REQUEST | USER: unknown | DETAILS: GET /api/leads | STATUS: pending
[2026-01-20 17:58:02] INFO | ACTION: API_RESPONSE | USER: unknown | DETAILS: GET /api/leads | Status: 200 | Time: 0.01s | STATUS: success
[2026-01-20 17:58:02] INFO | ACTION: API_REQUEST | USER: unknown | DETAILS: GET /api/opportunities | STATUS: pending
[2026-01-20 17:58:02] INFO | ACTION: API_RESPONSE | USER: unknown | DETAILS: GET /api/contacts | Status: 200 | Time: 0.01s | STATUS: success
[2026-01-20 17:58:02] INFO | ACTION: API_RESPONSE | USER: unknown | DETAILS: GET /api/cases/by-priority | Status: 200 | Time: 0.01s | STATUS: success
[2026-01-20 17:58:02] INFO | ACTION: API_RESPONSE | USER: unknown | DETAILS: GET /api/opportunities | Status: 200 | Time: 0.02s | STATUS: success
[2026-01-20 17:58:02] INFO | ACTION: API_RESPONSE | USER: unknown | DETAILS: GET /api/dashboard/recent-records | Status: 200 | Time: 0.01s | STATUS: success
[2026-01-20 17:58:02] INFO | ACTION: API_RESPONSE | USER: unknown | DETAILS: GET /api/leads | Status: 200 | Time: 0.01s | STATUS: success
[2026-01-20 17:58:02] INFO | ACTION: API_REQUEST | USER: unknown | DETAILS: GET /api/contacts | STATUS: pending
[2026-01-20 17:58:02] INFO | ACTION: API_REQUEST | USER: unknown | DETAILS: GET /api/cases/by-priority | STATUS: pending
[2026-01-20 17:58:02] INFO | ACTION: API_REQUEST | USER: unknown | DETAILS: GET /api/dashboard/recent-records | STATUS: pending
[2026-01-20 17:58:02] INFO | ACTION: API_RESPONSE | USER: unknown | DETAILS: GET /api/opportunities | Status: 200 | Time: 0.02s | STATUS: success
[2026-01-20 17:58:02] INFO | ACTION: API_RESPONSE | USER: unknown | DETAILS: GET /api/contacts | Status: 200 | Time: 0.01s | STATUS: success
[2026-01-20 17:58:02] INFO | ACTION: API_RESPONSE | USER: unknown | DETAILS: GET /api/cases/by-priority | Status: 200 | Time: 0.01s | STATUS: success
[2026-01-20 17:58:02] INFO | ACTION: API_RESPONSE | USER: unknown | DETAILS: GET /api/dashboard/recent-records | Status: 200 | Time: 0.01s | STATUS: success
[2026-01-20 17:58:32] INFO | ACTION: API_REQUEST | USER: unknown | DETAILS: GET /api/auth/me | STATUS: pending
[2026-01-20 17:58:32] INFO | ACTION: API_REQUEST | USER: unknown | DETAILS: GET /api/auth/me | STATUS: pending
[2026-01-20 17:58:32] INFO | ACTION: API_RESPONSE | USER: unknown | DETAILS: GET /api/auth/me | Status: 200 | Time: 0.02s | STATUS: success
[2026-01-20 17:58:32] INFO | ACTION: API_RESPONSE | USER: unknown | DETAILS: GET /api/auth/me | Status: 200 | Time: 0.02s | STATUS: success
[2026-01-20 17:58:32] INFO | ACTION: API_REQUEST | USER: unknown | DETAILS: GET /api/leads | STATUS: pending
[2026-01-20 17:58:32] INFO | ACTION: API_REQUEST | USER: unknown | DETAILS: GET /api/opportunities | STATUS: pending
[2026-01-20 17:58:32] INFO | ACTION: API_REQUEST | USER: unknown | DETAILS: GET /api/contacts | STATUS: pending
[2026-01-20 17:58:32] INFO | ACTION: API_REQUEST | USER: unknown | DETAILS: GET /api/cases/by-priority | STATUS: pending
[2026-01-20 17:58:32] INFO | ACTION: API_RESPONSE | USER: unknown | DETAILS: GET /api/leads | Status: 200 | Time: 0.01s | STATUS: success
[2026-01-20 17:58:32] INFO | ACTION: API_REQUEST | USER: unknown | DETAILS: GET /api/dashboard/recent-records | STATUS: pending
[2026-01-20 17:58:32] INFO | ACTION: API_REQUEST | USER: unknown | DETAILS: GET /api/leads | STATUS: pending
[2026-01-20 17:58:32] INFO | ACTION: API_RESPONSE | USER: unknown | DETAILS: GET /api/opportunities | Status: 200 | Time: 0.01s | STATUS: success
[2026-01-20 17:58:32] INFO | ACTION: API_REQUEST | USER: unknown | DETAILS: GET /api/opportunities | STATUS: pending
[2026-01-20 17:58:32] INFO | ACTION: API_RESPONSE | USER: unknown | DETAILS: GET /api/contacts | Status: 200 | Time: 0.01s | STATUS: success
[2026-01-20 17:58:32] INFO | ACTION: API_REQUEST | USER: unknown | DETAILS: GET /api/contacts | STATUS: pending
[2026-01-20 17:58:32] INFO | ACTION: API_RESPONSE | USER: unknown | DETAILS: GET /api/dashboard/recent-records | Status: 200 | Time: 0.01s | STATUS: success
[2026-01-20 17:58:32] INFO | ACTION: API_RESPONSE | USER: unknown | DETAILS: GET /api/cases/by-priority | Status: 200 | Time: 0.01s | STATUS: success
[2026-01-20 17:58:32] INFO | ACTION: API_RESPONSE | USER: unknown | DETAILS: GET /api/leads | Status: 200 | Time: 0.01s | STATUS: success
[2026-01-20 17:58:32] INFO | ACTION: API_REQUEST | USER: unknown | DETAILS: GET /api/cases/by-priority | STATUS: pending
[2026-01-20 17:58:32] INFO | ACTION: API_RESPONSE | USER: unknown | DETAILS: GET /api/opportunities | Status: 200 | Time: 0.01s | STATUS: success
[2026-01-20 17:58:32] INFO | ACTION: API_REQUEST | USER: unknown | DETAILS: GET /api/dashboard/recent-records | STATUS: pending
[2026-01-20 17:58:32] INFO | ACTION: API_RESPONSE | USER: unknown | DETAILS: GET /api/contacts | Status: 200 | Time: 0.01s | STATUS: success
[2026-01-20 17:58:32] INFO | ACTION: API_RESPONSE | USER: unknown | DETAILS: GET /api/cases/by-priority | Status: 200 | Time: 0.01s | STATUS: success
[2026-01-20 17:58:32] INFO | ACTION: API_RESPONSE | USER: unknown | DETAILS: GET /api/dashboard/recent-records | Status: 200 | Time: 0.00s | STATUS: success
[2026-01-20 18:01:48] INFO | ACTION: API_REQUEST | USER: unknown | DETAILS: GET /api/accounts | STATUS: pending
[2026-01-20 18:01:48] INFO | ACTION: API_RESPONSE | USER: unknown | DETAILS: GET /api/accounts | Status: 200 | Time: 0.03s | STATUS: success
[2026-01-20 18:01:48] INFO | ACTION: API_REQUEST | USER: unknown | DETAILS: GET /api/accounts | STATUS: pending
[2026-01-20 18:01:48] INFO | ACTION: API_RESPONSE | USER: unknown | DETAILS: GET /api/accounts | Status: 200 | Time: 0.00s | STATUS: success
[2026-01-20 18:01:49] INFO | ACTION: API_REQUEST | USER: unknown | DETAILS: GET /api/auth/users | STATUS: pending
[2026-01-20 18:01:49] INFO | ACTION: API_RESPONSE | USER: unknown | DETAILS: GET /api/auth/users | Status: 200 | Time: 0.01s | STATUS: success
[2026-01-20 18:05:44] INFO | ACTION: API_REQUEST | USER: unknown | DETAILS: GET /api/auth/me | STATUS: pending
[2026-01-20 18:05:44] INFO | ACTION: API_RESPONSE | USER: unknown | DETAILS: GET /api/auth/me | Status: 200 | Time: 0.04s | STATUS: success
[2026-01-20 18:05:44] INFO | ACTION: API_REQUEST | USER: unknown | DETAILS: GET /api/auth/me | STATUS: pending
[2026-01-20 18:05:44] INFO | ACTION: API_RESPONSE | USER: unknown | DETAILS: GET /api/auth/me | Status: 200 | Time: 0.00s | STATUS: success
[2026-01-20 18:05:44] INFO | ACTION: API_REQUEST | USER: unknown | DETAILS: GET /api/accounts | STATUS: pending
[2026-01-20 18:05:44] INFO | ACTION: API_RESPONSE | USER: unknown | DETAILS: GET /api/accounts | Status: 200 | Time: 0.00s | STATUS: success
[2026-01-20 18:05:44] INFO | ACTION: API_REQUEST | USER: unknown | DETAILS: GET /api/accounts | STATUS: pending
[2026-01-20 18:05:44] INFO | ACTION: API_RESPONSE | USER: unknown | DETAILS: GET /api/accounts | Status: 200 | Time: 0.00s | STATUS: success
[2026-01-20 18:05:46] INFO | ACTION: API_REQUEST | USER: unknown | DETAILS: GET /api/auth/users | STATUS: pending
[2026-01-20 18:05:46] INFO | ACTION: API_RESPONSE | USER: unknown | DETAILS: GET /api/auth/users | Status: 200 | Time: 0.00s | STATUS: success
[2026-01-20 18:08:23] INFO | ACTION: API_REQUEST | USER: unknown | DETAILS: POST /api/accounts | STATUS: pending
[2026-01-20 18:08:23] INFO | ACTION: API_RESPONSE | USER: unknown | DETAILS: POST /api/accounts | Status: 201 | Time: 0.04s | STATUS: success
[2026-01-20 18:08:23] INFO | ACTION: API_REQUEST | USER: unknown | DETAILS: GET /api/accounts | STATUS: pending
[2026-01-20 18:08:23] INFO | ACTION: API_RESPONSE | USER: unknown | DETAILS: GET /api/accounts | Status: 200 | Time: 0.00s | STATUS: success
[2026-01-20 18:08:33] INFO | ACTION: API_REQUEST | USER: unknown | DETAILS: GET /api/contacts | STATUS: pending
[2026-01-20 18:08:33] INFO | ACTION: API_RESPONSE | USER: unknown | DETAILS: GET /api/contacts | Status: 200 | Time: 0.02s | STATUS: success
[2026-01-20 18:08:33] INFO | ACTION: API_REQUEST | USER: unknown | DETAILS: GET /api/contacts | STATUS: pending
[2026-01-20 18:08:33] INFO | ACTION: API_RESPONSE | USER: unknown | DETAILS: GET /api/contacts | Status: 200 | Time: 0.00s | STATUS: success
[2026-01-20 18:08:35] INFO | ACTION: API_REQUEST | USER: unknown | DETAILS: GET /api/auth/users | STATUS: pending
[2026-01-20 18:08:35] INFO | ACTION: API_RESPONSE | USER: unknown | DETAILS: GET /api/auth/users | Status: 200 | Time: 0.01s | STATUS: success
[2026-01-20 18:08:35] INFO | ACTION: API_REQUEST | USER: unknown | DETAILS: GET /api/accounts | STATUS: pending
[2026-01-20 18:08:35] INFO | ACTION: API_RESPONSE | USER: unknown | DETAILS: GET /api/accounts | Status: 200 | Time: 0.00s | STATUS: success
[2026-01-20 18:09:47] INFO | ACTION: API_REQUEST | USER: unknown | DETAILS: POST /api/contacts | STATUS: pending
[2026-01-20 18:09:47] INFO | ACTION: API_RESPONSE | USER: unknown | DETAILS: POST /api/contacts | Status: 201 | Time: 0.03s | STATUS: success
[2026-01-20 18:09:47] INFO | ACTION: API_REQUEST | USER: unknown | DETAILS: GET /api/contacts | STATUS: pending
[2026-01-20 18:09:47] INFO | ACTION: API_RESPONSE | USER: unknown | DETAILS: GET /api/contacts | Status: 200 | Time: 0.00s | STATUS: success
[2026-01-20 18:09:56] INFO | ACTION: API_REQUEST | USER: unknown | DETAILS: GET /api/accounts | STATUS: pending
[2026-01-20 18:09:56] INFO | ACTION: API_REQUEST | USER: unknown | DETAILS: GET /api/auth/users | STATUS: pending
[2026-01-20 18:09:56] INFO | ACTION: API_RESPONSE | USER: unknown | DETAILS: GET /api/accounts | Status: 200 | Time: 0.03s | STATUS: success
[2026-01-20 18:09:56] INFO | ACTION: API_RESPONSE | USER: unknown | DETAILS: GET /api/auth/users | Status: 200 | Time: 0.02s | STATUS: success
[2026-01-20 18:10:46] INFO | ACTION: API_REQUEST | USER: unknown | DETAILS: POST /api/contacts | STATUS: pending
[2026-01-20 18:10:46] INFO | ACTION: API_RESPONSE | USER: unknown | DETAILS: POST /api/contacts | Status: 201 | Time: 0.03s | STATUS: success
[2026-01-20 18:10:46] INFO | ACTION: API_REQUEST | USER: unknown | DETAILS: GET /api/contacts | STATUS: pending
[2026-01-20 18:10:46] INFO | ACTION: API_RESPONSE | USER: unknown | DETAILS: GET /api/contacts | Status: 200 | Time: 0.00s | STATUS: success
[2026-01-20 18:10:58] INFO | ACTION: API_REQUEST | USER: unknown | DETAILS: GET /api/leads | STATUS: pending
[2026-01-20 18:10:58] INFO | ACTION: API_REQUEST | USER: unknown | DETAILS: GET /api/opportunities | STATUS: pending
[2026-01-20 18:10:58] INFO | ACTION: API_REQUEST | USER: unknown | DETAILS: GET /api/contacts | STATUS: pending
[2026-01-20 18:10:58] INFO | ACTION: API_REQUEST | USER: unknown | DETAILS: GET /api/dashboard/recent-records | STATUS: pending
[2026-01-20 18:10:58] INFO | ACTION: API_REQUEST | USER: unknown | DETAILS: GET /api/leads | STATUS: pending
[2026-01-20 18:10:58] INFO | ACTION: API_REQUEST | USER: unknown | DETAILS: GET /api/contacts | STATUS: pending
[2026-01-20 18:10:58] INFO | ACTION: API_RESPONSE | USER: unknown | DETAILS: GET /api/leads | Status: 200 | Time: 0.01s | STATUS: success
[2026-01-20 18:10:58] INFO | ACTION: API_REQUEST | USER: unknown | DETAILS: GET /api/cases/by-priority | STATUS: pending
[2026-01-20 18:10:58] INFO | ACTION: API_RESPONSE | USER: unknown | DETAILS: GET /api/opportunities | Status: 200 | Time: 0.02s | STATUS: success
[2026-01-20 18:10:58] INFO | ACTION: API_RESPONSE | USER: unknown | DETAILS: GET /api/contacts | Status: 200 | Time: 0.02s | STATUS: success
[2026-01-20 18:10:58] INFO | ACTION: API_RESPONSE | USER: unknown | DETAILS: GET /api/dashboard/recent-records | Status: 200 | Time: 0.02s | STATUS: success
[2026-01-20 18:10:58] INFO | ACTION: API_RESPONSE | USER: unknown | DETAILS: GET /api/leads | Status: 200 | Time: 0.02s | STATUS: success
[2026-01-20 18:10:58] INFO | ACTION: API_RESPONSE | USER: unknown | DETAILS: GET /api/contacts | Status: 200 | Time: 0.02s | STATUS: success
[2026-01-20 18:10:58] INFO | ACTION: API_REQUEST | USER: unknown | DETAILS: GET /api/cases/by-priority | STATUS: pending
[2026-01-20 18:10:58] INFO | ACTION: API_REQUEST | USER: unknown | DETAILS: GET /api/opportunities | STATUS: pending
[2026-01-20 18:10:58] INFO | ACTION: API_REQUEST | USER: unknown | DETAILS: GET /api/dashboard/recent-records | STATUS: pending
[2026-01-20 18:10:58] INFO | ACTION: API_RESPONSE | USER: unknown | DETAILS: GET /api/cases/by-priority | Status: 200 | Time: 0.01s | STATUS: success
[2026-01-20 18:10:58] INFO | ACTION: API_RESPONSE | USER: unknown | DETAILS: GET /api/cases/by-priority | Status: 200 | Time: 0.01s | STATUS: success
[2026-01-20 18:10:58] INFO | ACTION: API_RESPONSE | USER: unknown | DETAILS: GET /api/opportunities | Status: 200 | Time: 0.01s | STATUS: success
[2026-01-20 18:10:58] INFO | ACTION: API_RESPONSE | USER: unknown | DETAILS: GET /api/dashboard/recent-records | Status: 200 | Time: 0.01s | STATUS: success
[2026-01-20 18:10:59] INFO | ACTION: API_REQUEST | USER: unknown | DETAILS: GET /api/auth/users | STATUS: pending
[2026-01-20 18:10:59] INFO | ACTION: API_RESPONSE | USER: unknown | DETAILS: GET /api/auth/users | Status: 200 | Time: 0.00s | STATUS: success
[2026-01-20 18:13:22] INFO | ACTION: API_REQUEST | USER: unknown | DETAILS: POST /api/leads | STATUS: pending
[2026-01-20 18:13:22] INFO | ACTION: CREATE_LEAD | USER: stalin | DETAILS: Lead created: Emma Wilson (emma.wilson@ukpowernetworks.co.uk) | STATUS: success
[2026-01-20 18:13:22] INFO | ACTION: LEAD_ASSIGNED | USER: stalin | DETAILS: Lead 1 auto-assigned to user 1 | STATUS: success
[2026-01-20 18:13:22] INFO | ACTION: API_RESPONSE | USER: unknown | DETAILS: POST /api/leads | Status: 201 | Time: 0.06s | STATUS: success
[2026-01-20 18:13:22] INFO | ACTION: API_REQUEST | USER: unknown | DETAILS: GET /api/leads | STATUS: pending
[2026-01-20 18:13:22] INFO | ACTION: API_REQUEST | USER: unknown | DETAILS: GET /api/opportunities | STATUS: pending
[2026-01-20 18:13:22] INFO | ACTION: API_REQUEST | USER: unknown | DETAILS: GET /api/contacts | STATUS: pending
[2026-01-20 18:13:22] INFO | ACTION: API_REQUEST | USER: unknown | DETAILS: GET /api/dashboard/recent-records | STATUS: pending
[2026-01-20 18:13:22] INFO | ACTION: API_REQUEST | USER: unknown | DETAILS: GET /api/cases/by-priority | STATUS: pending
[2026-01-20 18:13:22] INFO | ACTION: API_RESPONSE | USER: unknown | DETAILS: GET /api/leads | Status: 200 | Time: 0.01s | STATUS: success
[2026-01-20 18:13:22] INFO | ACTION: API_RESPONSE | USER: unknown | DETAILS: GET /api/opportunities | Status: 200 | Time: 0.01s | STATUS: success
[2026-01-20 18:13:22] INFO | ACTION: API_RESPONSE | USER: unknown | DETAILS: GET /api/contacts | Status: 200 | Time: 0.02s | STATUS: success
[2026-01-20 18:13:23] INFO | ACTION: API_RESPONSE | USER: unknown | DETAILS: GET /api/dashboard/recent-records | Status: 200 | Time: 0.02s | STATUS: success
[2026-01-20 18:13:23] INFO | ACTION: API_RESPONSE | USER: unknown | DETAILS: GET /api/cases/by-priority | Status: 200 | Time: 0.02s | STATUS: success
[2026-01-20 18:13:36] INFO | ACTION: API_REQUEST | USER: unknown | DETAILS: GET /api/auth/users | STATUS: pending
[2026-01-20 18:13:36] INFO | ACTION: API_RESPONSE | USER: unknown | DETAILS: GET /api/auth/users | Status: 200 | Time: 0.02s | STATUS: success
[2026-01-20 18:13:40] INFO | ACTION: API_REQUEST | USER: unknown | DETAILS: GET /api/auth/users | STATUS: pending
[2026-01-20 18:13:40] INFO | ACTION: API_RESPONSE | USER: unknown | DETAILS: GET /api/auth/users | Status: 200 | Time: 0.00s | STATUS: success
[2026-01-20 18:15:44] INFO | ACTION: API_REQUEST | USER: unknown | DETAILS: POST /api/leads | STATUS: pending
[2026-01-20 18:15:44] INFO | ACTION: CREATE_LEAD | USER: stalin | DETAILS: Lead created: David  Taylor (david.taylor@ukpowernetworks.co.uk) | STATUS: success
[2026-01-20 18:15:44] INFO | ACTION: LEAD_ASSIGNED | USER: stalin | DETAILS: Lead 2 auto-assigned to user 1 | STATUS: success
[2026-01-20 18:15:44] INFO | ACTION: API_RESPONSE | USER: unknown | DETAILS: POST /api/leads | Status: 201 | Time: 0.05s | STATUS: success
[2026-01-20 18:15:44] INFO | ACTION: API_REQUEST | USER: unknown | DETAILS: GET /api/leads | STATUS: pending
[2026-01-20 18:15:44] INFO | ACTION: API_REQUEST | USER: unknown | DETAILS: GET /api/opportunities | STATUS: pending
[2026-01-20 18:15:44] INFO | ACTION: API_REQUEST | USER: unknown | DETAILS: GET /api/contacts | STATUS: pending
[2026-01-20 18:15:44] INFO | ACTION: API_REQUEST | USER: unknown | DETAILS: GET /api/cases/by-priority | STATUS: pending
[2026-01-20 18:15:44] INFO | ACTION: API_REQUEST | USER: unknown | DETAILS: GET /api/dashboard/recent-records | STATUS: pending
[2026-01-20 18:15:44] INFO | ACTION: API_RESPONSE | USER: unknown | DETAILS: GET /api/leads | Status: 200 | Time: 0.01s | STATUS: success
[2026-01-20 18:15:44] INFO | ACTION: API_RESPONSE | USER: unknown | DETAILS: GET /api/opportunities | Status: 200 | Time: 0.01s | STATUS: success
[2026-01-20 18:15:44] INFO | ACTION: API_RESPONSE | USER: unknown | DETAILS: GET /api/contacts | Status: 200 | Time: 0.02s | STATUS: success
[2026-01-20 18:15:44] INFO | ACTION: API_RESPONSE | USER: unknown | DETAILS: GET /api/cases/by-priority | Status: 200 | Time: 0.02s | STATUS: success
[2026-01-20 18:15:44] INFO | ACTION: API_RESPONSE | USER: unknown | DETAILS: GET /api/dashboard/recent-records | Status: 200 | Time: 0.01s | STATUS: success
[2026-01-20 18:15:56] INFO | ACTION: API_REQUEST | USER: unknown | DETAILS: GET /api/accounts | STATUS: pending
[2026-01-20 18:15:56] INFO | ACTION: API_REQUEST | USER: unknown | DETAILS: GET /api/auth/users | STATUS: pending
[2026-01-20 18:15:56] INFO | ACTION: API_RESPONSE | USER: unknown | DETAILS: GET /api/accounts | Status: 200 | Time: 0.03s | STATUS: success
[2026-01-20 18:15:56] INFO | ACTION: API_RESPONSE | USER: unknown | DETAILS: GET /api/auth/users | Status: 200 | Time: 0.02s | STATUS: success
[2026-01-20 18:17:27] INFO | ACTION: API_REQUEST | USER: unknown | DETAILS: POST /api/opportunities | STATUS: pending
[2026-01-20 18:17:27] INFO | ACTION: API_RESPONSE | USER: unknown | DETAILS: POST /api/opportunities | Status: 201 | Time: 0.03s | STATUS: success
[2026-01-20 18:17:27] INFO | ACTION: API_REQUEST | USER: unknown | DETAILS: GET /api/leads | STATUS: pending
[2026-01-20 18:17:27] INFO | ACTION: API_REQUEST | USER: unknown | DETAILS: GET /api/opportunities | STATUS: pending
[2026-01-20 18:17:27] INFO | ACTION: API_REQUEST | USER: unknown | DETAILS: GET /api/contacts | STATUS: pending
[2026-01-20 18:17:27] INFO | ACTION: API_REQUEST | USER: unknown | DETAILS: GET /api/cases/by-priority | STATUS: pending
[2026-01-20 18:17:27] INFO | ACTION: API_REQUEST | USER: unknown | DETAILS: GET /api/dashboard/recent-records | STATUS: pending
[2026-01-20 18:17:27] INFO | ACTION: API_RESPONSE | USER: unknown | DETAILS: GET /api/leads | Status: 200 | Time: 0.01s | STATUS: success
[2026-01-20 18:17:27] INFO | ACTION: API_RESPONSE | USER: unknown | DETAILS: GET /api/opportunities | Status: 200 | Time: 0.01s | STATUS: success
[2026-01-20 18:17:27] INFO | ACTION: API_RESPONSE | USER: unknown | DETAILS: GET /api/contacts | Status: 200 | Time: 0.01s | STATUS: success
[2026-01-20 18:17:27] INFO | ACTION: API_RESPONSE | USER: unknown | DETAILS: GET /api/cases/by-priority | Status: 200 | Time: 0.01s | STATUS: success
[2026-01-20 18:17:27] INFO | ACTION: API_RESPONSE | USER: unknown | DETAILS: GET /api/dashboard/recent-records | Status: 200 | Time: 0.01s | STATUS: success
[2026-01-20 18:17:38] INFO | ACTION: API_REQUEST | USER: unknown | DETAILS: GET /api/accounts | STATUS: pending
[2026-01-20 18:17:38] INFO | ACTION: API_REQUEST | USER: unknown | DETAILS: GET /api/auth/users | STATUS: pending
[2026-01-20 18:17:38] INFO | ACTION: API_RESPONSE | USER: unknown | DETAILS: GET /api/accounts | Status: 200 | Time: 0.01s | STATUS: success
[2026-01-20 18:17:38] INFO | ACTION: API_RESPONSE | USER: unknown | DETAILS: GET /api/auth/users | Status: 200 | Time: 0.01s | STATUS: success
[2026-01-20 18:18:34] INFO | ACTION: API_REQUEST | USER: unknown | DETAILS: POST /api/opportunities | STATUS: pending
[2026-01-20 18:18:34] INFO | ACTION: API_RESPONSE | USER: unknown | DETAILS: POST /api/opportunities | Status: 201 | Time: 0.02s | STATUS: success
[2026-01-20 18:18:34] INFO | ACTION: API_REQUEST | USER: unknown | DETAILS: GET /api/leads | STATUS: pending
[2026-01-20 18:18:34] INFO | ACTION: API_REQUEST | USER: unknown | DETAILS: GET /api/opportunities | STATUS: pending
[2026-01-20 18:18:34] INFO | ACTION: API_REQUEST | USER: unknown | DETAILS: GET /api/contacts | STATUS: pending
[2026-01-20 18:18:34] INFO | ACTION: API_REQUEST | USER: unknown | DETAILS: GET /api/cases/by-priority | STATUS: pending
[2026-01-20 18:18:34] INFO | ACTION: API_REQUEST | USER: unknown | DETAILS: GET /api/dashboard/recent-records | STATUS: pending
[2026-01-20 18:18:34] INFO | ACTION: API_RESPONSE | USER: unknown | DETAILS: GET /api/leads | Status: 200 | Time: 0.01s | STATUS: success
[2026-01-20 18:18:34] INFO | ACTION: API_RESPONSE | USER: unknown | DETAILS: GET /api/opportunities | Status: 200 | Time: 0.01s | STATUS: success
[2026-01-20 18:18:34] INFO | ACTION: API_RESPONSE | USER: unknown | DETAILS: GET /api/contacts | Status: 200 | Time: 0.01s | STATUS: success
[2026-01-20 18:18:34] INFO | ACTION: API_RESPONSE | USER: unknown | DETAILS: GET /api/cases/by-priority | Status: 200 | Time: 0.01s | STATUS: success
[2026-01-20 18:18:34] INFO | ACTION: API_RESPONSE | USER: unknown | DETAILS: GET /api/dashboard/recent-records | Status: 200 | Time: 0.01s | STATUS: success
[2026-01-20 18:18:42] INFO | ACTION: API_REQUEST | USER: unknown | DETAILS: GET /api/auth/users | STATUS: pending
[2026-01-20 18:18:42] INFO | ACTION: API_REQUEST | USER: unknown | DETAILS: GET /api/accounts | STATUS: pending
[2026-01-20 18:18:42] INFO | ACTION: API_RESPONSE | USER: unknown | DETAILS: GET /api/auth/users | Status: 200 | Time: 0.02s | STATUS: success
[2026-01-20 18:18:42] INFO | ACTION: API_REQUEST | USER: unknown | DETAILS: GET /api/contacts | STATUS: pending
[2026-01-20 18:18:42] INFO | ACTION: API_RESPONSE | USER: unknown | DETAILS: GET /api/accounts | Status: 200 | Time: 0.03s | STATUS: success
[2026-01-20 18:18:42] INFO | ACTION: API_RESPONSE | USER: unknown | DETAILS: GET /api/contacts | Status: 200 | Time: 0.01s | STATUS: success
[2026-01-20 18:19:36] INFO | ACTION: API_REQUEST | USER: unknown | DETAILS: POST /api/cases | STATUS: pending
[2026-01-20 18:19:36] INFO | ACTION: API_RESPONSE | USER: unknown | DETAILS: POST /api/cases | Status: 201 | Time: 0.03s | STATUS: success
[2026-01-20 18:19:36] INFO | ACTION: API_REQUEST | USER: unknown | DETAILS: GET /api/leads | STATUS: pending
[2026-01-20 18:19:36] INFO | ACTION: API_REQUEST | USER: unknown | DETAILS: GET /api/opportunities | STATUS: pending
[2026-01-20 18:19:36] INFO | ACTION: API_REQUEST | USER: unknown | DETAILS: GET /api/contacts | STATUS: pending
[2026-01-20 18:19:36] INFO | ACTION: API_REQUEST | USER: unknown | DETAILS: GET /api/cases/by-priority | STATUS: pending
[2026-01-20 18:19:36] INFO | ACTION: API_REQUEST | USER: unknown | DETAILS: GET /api/dashboard/recent-records | STATUS: pending
[2026-01-20 18:19:36] INFO | ACTION: API_RESPONSE | USER: unknown | DETAILS: GET /api/leads | Status: 200 | Time: 0.01s | STATUS: success
[2026-01-20 18:19:36] INFO | ACTION: API_RESPONSE | USER: unknown | DETAILS: GET /api/opportunities | Status: 200 | Time: 0.01s | STATUS: success
[2026-01-20 18:19:36] INFO | ACTION: API_RESPONSE | USER: unknown | DETAILS: GET /api/contacts | Status: 200 | Time: 0.01s | STATUS: success
[2026-01-20 18:19:36] INFO | ACTION: API_RESPONSE | USER: unknown | DETAILS: GET /api/cases/by-priority | Status: 200 | Time: 0.01s | STATUS: success
[2026-01-20 18:19:36] INFO | ACTION: API_RESPONSE | USER: unknown | DETAILS: GET /api/dashboard/recent-records | Status: 200 | Time: 0.01s | STATUS: success
[2026-01-20 18:19:50] INFO | ACTION: API_REQUEST | USER: unknown | DETAILS: GET /api/accounts | STATUS: pending
[2026-01-20 18:19:50] INFO | ACTION: API_REQUEST | USER: unknown | DETAILS: GET /api/auth/users | STATUS: pending
[2026-01-20 18:19:50] INFO | ACTION: API_REQUEST | USER: unknown | DETAILS: GET /api/contacts | STATUS: pending
[2026-01-20 18:19:50] INFO | ACTION: API_RESPONSE | USER: unknown | DETAILS: GET /api/accounts | Status: 200 | Time: 0.04s | STATUS: success
[2026-01-20 18:19:50] INFO | ACTION: API_RESPONSE | USER: unknown | DETAILS: GET /api/auth/users | Status: 200 | Time: 0.03s | STATUS: success
[2026-01-20 18:19:50] INFO | ACTION: API_RESPONSE | USER: unknown | DETAILS: GET /api/contacts | Status: 200 | Time: 0.03s | STATUS: success
[2026-01-20 18:20:32] INFO | ACTION: API_REQUEST | USER: unknown | DETAILS: POST /api/cases | STATUS: pending
[2026-01-20 18:20:32] INFO | ACTION: API_RESPONSE | USER: unknown | DETAILS: POST /api/cases | Status: 201 | Time: 0.04s | STATUS: success
[2026-01-20 18:20:32] INFO | ACTION: API_REQUEST | USER: unknown | DETAILS: GET /api/leads | STATUS: pending
[2026-01-20 18:20:32] INFO | ACTION: API_REQUEST | USER: unknown | DETAILS: GET /api/opportunities | STATUS: pending
[2026-01-20 18:20:32] INFO | ACTION: API_REQUEST | USER: unknown | DETAILS: GET /api/contacts | STATUS: pending
[2026-01-20 18:20:32] INFO | ACTION: API_REQUEST | USER: unknown | DETAILS: GET /api/cases/by-priority | STATUS: pending
[2026-01-20 18:20:32] INFO | ACTION: API_REQUEST | USER: unknown | DETAILS: GET /api/dashboard/recent-records | STATUS: pending
[2026-01-20 18:20:32] INFO | ACTION: API_RESPONSE | USER: unknown | DETAILS: GET /api/leads | Status: 200 | Time: 0.01s | STATUS: success
[2026-01-20 18:20:32] INFO | ACTION: API_RESPONSE | USER: unknown | DETAILS: GET /api/opportunities | Status: 200 | Time: 0.01s | STATUS: success
[2026-01-20 18:20:32] INFO | ACTION: API_RESPONSE | USER: unknown | DETAILS: GET /api/contacts | Status: 200 | Time: 0.01s | STATUS: success
[2026-01-20 18:20:32] INFO | ACTION: API_RESPONSE | USER: unknown | DETAILS: GET /api/cases/by-priority | Status: 200 | Time: 0.01s | STATUS: success
[2026-01-20 18:20:32] INFO | ACTION: API_RESPONSE | USER: unknown | DETAILS: GET /api/dashboard/recent-records | Status: 200 | Time: 0.01s | STATUS: success
[2026-01-20 18:20:38] INFO | ACTION: API_REQUEST | USER: unknown | DETAILS: GET /api/accounts | STATUS: pending
[2026-01-20 18:20:38] INFO | ACTION: API_REQUEST | USER: unknown | DETAILS: GET /api/auth/users | STATUS: pending
[2026-01-20 18:20:38] INFO | ACTION: API_REQUEST | USER: unknown | DETAILS: GET /api/contacts | STATUS: pending
[2026-01-20 18:20:38] INFO | ACTION: API_RESPONSE | USER: unknown | DETAILS: GET /api/accounts | Status: 200 | Time: 0.01s | STATUS: success
[2026-01-20 18:20:38] INFO | ACTION: API_RESPONSE | USER: unknown | DETAILS: GET /api/auth/users | Status: 200 | Time: 0.01s | STATUS: success
[2026-01-20 18:20:38] INFO | ACTION: API_RESPONSE | USER: unknown | DETAILS: GET /api/contacts | Status: 200 | Time: 0.01s | STATUS: success
[2026-01-20 18:21:17] INFO | ACTION: API_REQUEST | USER: unknown | DETAILS: POST /api/cases | STATUS: pending
[2026-01-20 18:21:17] INFO | ACTION: API_RESPONSE | USER: unknown | DETAILS: POST /api/cases | Status: 201 | Time: 0.03s | STATUS: success
[2026-01-20 18:21:17] INFO | ACTION: API_REQUEST | USER: unknown | DETAILS: GET /api/leads | STATUS: pending
[2026-01-20 18:21:17] INFO | ACTION: API_REQUEST | USER: unknown | DETAILS: GET /api/opportunities | STATUS: pending
[2026-01-20 18:21:17] INFO | ACTION: API_REQUEST | USER: unknown | DETAILS: GET /api/contacts | STATUS: pending
[2026-01-20 18:21:17] INFO | ACTION: API_REQUEST | USER: unknown | DETAILS: GET /api/dashboard/recent-records | STATUS: pending
[2026-01-20 18:21:17] INFO | ACTION: API_REQUEST | USER: unknown | DETAILS: GET /api/cases/by-priority | STATUS: pending
[2026-01-20 18:21:17] INFO | ACTION: API_RESPONSE | USER: unknown | DETAILS: GET /api/leads | Status: 200 | Time: 0.01s | STATUS: success
[2026-01-20 18:21:17] INFO | ACTION: API_RESPONSE | USER: unknown | DETAILS: GET /api/opportunities | Status: 200 | Time: 0.01s | STATUS: success
[2026-01-20 18:21:17] INFO | ACTION: API_RESPONSE | USER: unknown | DETAILS: GET /api/contacts | Status: 200 | Time: 0.01s | STATUS: success
[2026-01-20 18:21:17] INFO | ACTION: API_RESPONSE | USER: unknown | DETAILS: GET /api/dashboard/recent-records | Status: 200 | Time: 0.01s | STATUS: success
[2026-01-20 18:21:17] INFO | ACTION: API_RESPONSE | USER: unknown | DETAILS: GET /api/cases/by-priority | Status: 200 | Time: 0.01s | STATUS: success
[2026-01-20 18:21:25] INFO | ACTION: API_REQUEST | USER: unknown | DETAILS: GET /api/leads/2 | STATUS: pending
[2026-01-20 18:21:25] INFO | ACTION: API_RESPONSE | USER: unknown | DETAILS: GET /api/leads/2 | Status: 200 | Time: 0.03s | STATUS: success
[2026-01-20 18:21:25] INFO | ACTION: API_REQUEST | USER: unknown | DETAILS: GET /api/leads/2 | STATUS: pending
[2026-01-20 18:21:25] INFO | ACTION: API_RESPONSE | USER: unknown | DETAILS: GET /api/leads/2 | Status: 200 | Time: 0.01s | STATUS: success
[2026-01-20 18:21:27] INFO | ACTION: API_REQUEST | USER: unknown | DETAILS: GET /api/leads | STATUS: pending
[2026-01-20 18:21:27] INFO | ACTION: API_RESPONSE | USER: unknown | DETAILS: GET /api/leads | Status: 200 | Time: 0.01s | STATUS: success
[2026-01-20 18:21:27] INFO | ACTION: API_REQUEST | USER: unknown | DETAILS: GET /api/leads | STATUS: pending
[2026-01-20 18:21:27] INFO | ACTION: API_RESPONSE | USER: unknown | DETAILS: GET /api/leads | Status: 200 | Time: 0.00s | STATUS: success
[2026-01-20 18:21:29] INFO | ACTION: API_REQUEST | USER: unknown | DETAILS: GET /api/leads | STATUS: pending
[2026-01-20 18:21:29] INFO | ACTION: API_REQUEST | USER: unknown | DETAILS: GET /api/opportunities | STATUS: pending
[2026-01-20 18:21:29] INFO | ACTION: API_REQUEST | USER: unknown | DETAILS: GET /api/contacts | STATUS: pending
[2026-01-20 18:21:29] INFO | ACTION: API_REQUEST | USER: unknown | DETAILS: GET /api/cases/by-priority | STATUS: pending
[2026-01-20 18:21:29] INFO | ACTION: API_REQUEST | USER: unknown | DETAILS: GET /api/dashboard/recent-records | STATUS: pending
[2026-01-20 18:21:29] INFO | ACTION: API_RESPONSE | USER: unknown | DETAILS: GET /api/leads | Status: 200 | Time: 0.01s | STATUS: success
[2026-01-20 18:21:29] INFO | ACTION: API_RESPONSE | USER: unknown | DETAILS: GET /api/opportunities | Status: 200 | Time: 0.01s | STATUS: success
[2026-01-20 18:21:29] INFO | ACTION: API_REQUEST | USER: unknown | DETAILS: GET /api/leads | STATUS: pending
[2026-01-20 18:21:29] INFO | ACTION: API_RESPONSE | USER: unknown | DETAILS: GET /api/contacts | Status: 200 | Time: 0.02s | STATUS: success
[2026-01-20 18:21:29] INFO | ACTION: API_REQUEST | USER: unknown | DETAILS: GET /api/opportunities | STATUS: pending
[2026-01-20 18:21:29] INFO | ACTION: API_REQUEST | USER: unknown | DETAILS: GET /api/contacts | STATUS: pending
[2026-01-20 18:21:29] INFO | ACTION: API_RESPONSE | USER: unknown | DETAILS: GET /api/cases/by-priority | Status: 200 | Time: 0.02s | STATUS: success
[2026-01-20 18:21:29] INFO | ACTION: API_RESPONSE | USER: unknown | DETAILS: GET /api/dashboard/recent-records | Status: 200 | Time: 0.02s | STATUS: success
[2026-01-20 18:21:29] INFO | ACTION: API_REQUEST | USER: unknown | DETAILS: GET /api/cases/by-priority | STATUS: pending
[2026-01-20 18:21:29] INFO | ACTION: API_RESPONSE | USER: unknown | DETAILS: GET /api/leads | Status: 200 | Time: 0.02s | STATUS: success
[2026-01-20 18:21:29] INFO | ACTION: API_REQUEST | USER: unknown | DETAILS: GET /api/dashboard/recent-records | STATUS: pending
[2026-01-20 18:21:29] INFO | ACTION: API_RESPONSE | USER: unknown | DETAILS: GET /api/opportunities | Status: 200 | Time: 0.01s | STATUS: success
[2026-01-20 18:21:29] INFO | ACTION: API_RESPONSE | USER: unknown | DETAILS: GET /api/contacts | Status: 200 | Time: 0.01s | STATUS: success
[2026-01-20 18:21:29] INFO | ACTION: API_RESPONSE | USER: unknown | DETAILS: GET /api/cases/by-priority | Status: 200 | Time: 0.01s | STATUS: success
[2026-01-20 18:21:29] INFO | ACTION: API_RESPONSE | USER: unknown | DETAILS: GET /api/dashboard/recent-records | Status: 200 | Time: 0.01s | STATUS: success
[2026-01-20 18:24:43] INFO | ACTION: API_REQUEST | USER: unknown | DETAILS: GET /api/leads | STATUS: pending
[2026-01-20 18:24:43] INFO | ACTION: API_REQUEST | USER: unknown | DETAILS: GET /api/leads | STATUS: pending
[2026-01-20 18:24:43] INFO | ACTION: API_RESPONSE | USER: unknown | DETAILS: GET /api/leads | Status: 200 | Time: 0.03s | STATUS: success
[2026-01-20 18:24:43] INFO | ACTION: API_RESPONSE | USER: unknown | DETAILS: GET /api/leads | Status: 200 | Time: 0.03s | STATUS: success
[2026-01-20 18:24:55] INFO | ACTION: API_REQUEST | USER: unknown | DETAILS: GET /api/leads/2 | STATUS: pending
[2026-01-20 18:24:55] INFO | ACTION: API_REQUEST | USER: unknown | DETAILS: GET /api/leads/2 | STATUS: pending
[2026-01-20 18:24:55] INFO | ACTION: API_RESPONSE | USER: unknown | DETAILS: GET /api/leads/2 | Status: 200 | Time: 0.02s | STATUS: success
[2026-01-20 18:24:55] INFO | ACTION: API_RESPONSE | USER: unknown | DETAILS: GET /api/leads/2 | Status: 200 | Time: 0.02s | STATUS: success
[2026-01-20 18:24:59] INFO | ACTION: API_REQUEST | USER: unknown | DETAILS: GET /api/contacts | STATUS: pending
[2026-01-20 18:24:59] INFO | ACTION: API_REQUEST | USER: unknown | DETAILS: GET /api/contacts | STATUS: pending
[2026-01-20 18:24:59] INFO | ACTION: API_RESPONSE | USER: unknown | DETAILS: GET /api/contacts | Status: 200 | Time: 0.01s | STATUS: success
[2026-01-20 18:24:59] INFO | ACTION: API_RESPONSE | USER: unknown | DETAILS: GET /api/contacts | Status: 200 | Time: 0.01s | STATUS: success
[2026-01-20 18:25:01] INFO | ACTION: API_REQUEST | USER: unknown | DETAILS: GET /api/leads | STATUS: pending
[2026-01-20 18:25:01] INFO | ACTION: API_REQUEST | USER: unknown | DETAILS: GET /api/opportunities | STATUS: pending
[2026-01-20 18:25:01] INFO | ACTION: API_REQUEST | USER: unknown | DETAILS: GET /api/contacts | STATUS: pending
[2026-01-20 18:25:01] INFO | ACTION: API_REQUEST | USER: unknown | DETAILS: GET /api/cases/by-priority | STATUS: pending
[2026-01-20 18:25:01] INFO | ACTION: API_REQUEST | USER: unknown | DETAILS: GET /api/dashboard/recent-records | STATUS: pending
[2026-01-20 18:25:01] INFO | ACTION: API_REQUEST | USER: unknown | DETAILS: GET /api/leads | STATUS: pending
[2026-01-20 18:25:01] INFO | ACTION: API_RESPONSE | USER: unknown | DETAILS: GET /api/leads | Status: 200 | Time: 0.01s | STATUS: success
[2026-01-20 18:25:01] INFO | ACTION: API_RESPONSE | USER: unknown | DETAILS: GET /api/opportunities | Status: 200 | Time: 0.01s | STATUS: success
[2026-01-20 18:25:01] INFO | ACTION: API_RESPONSE | USER: unknown | DETAILS: GET /api/contacts | Status: 200 | Time: 0.02s | STATUS: success
[2026-01-20 18:25:01] INFO | ACTION: API_REQUEST | USER: unknown | DETAILS: GET /api/opportunities | STATUS: pending
[2026-01-20 18:25:01] INFO | ACTION: API_RESPONSE | USER: unknown | DETAILS: GET /api/cases/by-priority | Status: 200 | Time: 0.02s | STATUS: success
[2026-01-20 18:25:01] INFO | ACTION: API_REQUEST | USER: unknown | DETAILS: GET /api/contacts | STATUS: pending
[2026-01-20 18:25:01] INFO | ACTION: API_RESPONSE | USER: unknown | DETAILS: GET /api/dashboard/recent-records | Status: 200 | Time: 0.02s | STATUS: success
[2026-01-20 18:25:01] INFO | ACTION: API_RESPONSE | USER: unknown | DETAILS: GET /api/leads | Status: 200 | Time: 0.01s | STATUS: success
[2026-01-20 18:25:01] INFO | ACTION: API_REQUEST | USER: unknown | DETAILS: GET /api/cases/by-priority | STATUS: pending
[2026-01-20 18:25:01] INFO | ACTION: API_REQUEST | USER: unknown | DETAILS: GET /api/dashboard/recent-records | STATUS: pending
[2026-01-20 18:25:01] INFO | ACTION: API_RESPONSE | USER: unknown | DETAILS: GET /api/opportunities | Status: 200 | Time: 0.01s | STATUS: success
[2026-01-20 18:25:01] INFO | ACTION: API_RESPONSE | USER: unknown | DETAILS: GET /api/contacts | Status: 200 | Time: 0.01s | STATUS: success
[2026-01-20 18:25:01] INFO | ACTION: API_RESPONSE | USER: unknown | DETAILS: GET /api/cases/by-priority | Status: 200 | Time: 0.01s | STATUS: success
[2026-01-20 18:25:01] INFO | ACTION: API_RESPONSE | USER: unknown | DETAILS: GET /api/dashboard/recent-records | Status: 200 | Time: 0.01s | STATUS: success
[2026-01-20 18:25:09] INFO | ACTION: API_REQUEST | USER: unknown | DETAILS: GET /api/leads | STATUS: pending
[2026-01-20 18:25:09] INFO | ACTION: API_REQUEST | USER: unknown | DETAILS: GET /api/leads | STATUS: pending
[2026-01-20 18:25:09] INFO | ACTION: API_RESPONSE | USER: unknown | DETAILS: GET /api/leads | Status: 200 | Time: 0.01s | STATUS: success
[2026-01-20 18:25:09] INFO | ACTION: API_RESPONSE | USER: unknown | DETAILS: GET /api/leads | Status: 200 | Time: 0.01s | STATUS: success
[2026-01-20 18:25:25] INFO | ACTION: API_REQUEST | USER: unknown | DETAILS: GET /api/leads | STATUS: pending
[2026-01-20 18:25:25] INFO | ACTION: API_REQUEST | USER: unknown | DETAILS: GET /api/opportunities | STATUS: pending
[2026-01-20 18:25:25] INFO | ACTION: API_REQUEST | USER: unknown | DETAILS: GET /api/contacts | STATUS: pending
[2026-01-20 18:25:25] INFO | ACTION: API_REQUEST | USER: unknown | DETAILS: GET /api/cases/by-priority | STATUS: pending
[2026-01-20 18:25:25] INFO | ACTION: API_REQUEST | USER: unknown | DETAILS: GET /api/dashboard/recent-records | STATUS: pending
[2026-01-20 18:25:25] INFO | ACTION: API_REQUEST | USER: unknown | DETAILS: GET /api/leads | STATUS: pending
[2026-01-20 18:25:25] INFO | ACTION: API_RESPONSE | USER: unknown | DETAILS: GET /api/leads | Status: 200 | Time: 0.04s | STATUS: success
[2026-01-20 18:25:25] INFO | ACTION: API_RESPONSE | USER: unknown | DETAILS: GET /api/opportunities | Status: 200 | Time: 0.03s | STATUS: success
[2026-01-20 18:25:25] INFO | ACTION: API_RESPONSE | USER: unknown | DETAILS: GET /api/contacts | Status: 200 | Time: 0.03s | STATUS: success
[2026-01-20 18:25:25] INFO | ACTION: API_RESPONSE | USER: unknown | DETAILS: GET /api/cases/by-priority | Status: 200 | Time: 0.02s | STATUS: success
[2026-01-20 18:25:25] INFO | ACTION: API_REQUEST | USER: unknown | DETAILS: GET /api/opportunities | STATUS: pending
[2026-01-20 18:25:25] INFO | ACTION: API_RESPONSE | USER: unknown | DETAILS: GET /api/dashboard/recent-records | Status: 200 | Time: 0.03s | STATUS: success
[2026-01-20 18:25:25] INFO | ACTION: API_REQUEST | USER: unknown | DETAILS: GET /api/contacts | STATUS: pending
[2026-01-20 18:25:25] INFO | ACTION: API_REQUEST | USER: unknown | DETAILS: GET /api/cases/by-priority | STATUS: pending
[2026-01-20 18:25:25] INFO | ACTION: API_RESPONSE | USER: unknown | DETAILS: GET /api/leads | Status: 200 | Time: 0.02s | STATUS: success
[2026-01-20 18:25:25] INFO | ACTION: API_REQUEST | USER: unknown | DETAILS: GET /api/dashboard/recent-records | STATUS: pending
[2026-01-20 18:25:25] INFO | ACTION: API_RESPONSE | USER: unknown | DETAILS: GET /api/opportunities | Status: 200 | Time: 0.01s | STATUS: success
[2026-01-20 18:25:25] INFO | ACTION: API_RESPONSE | USER: unknown | DETAILS: GET /api/contacts | Status: 200 | Time: 0.01s | STATUS: success
[2026-01-20 18:25:25] INFO | ACTION: API_RESPONSE | USER: unknown | DETAILS: GET /api/cases/by-priority | Status: 200 | Time: 0.01s | STATUS: success
[2026-01-20 18:25:25] INFO | ACTION: API_RESPONSE | USER: unknown | DETAILS: GET /api/dashboard/recent-records | Status: 200 | Time: 0.01s | STATUS: success
[2026-01-20 18:25:28] INFO | ACTION: API_REQUEST | USER: unknown | DETAILS: GET /api/leads | STATUS: pending
[2026-01-20 18:25:28] INFO | ACTION: API_REQUEST | USER: unknown | DETAILS: GET /api/leads | STATUS: pending
[2026-01-20 18:25:28] INFO | ACTION: API_RESPONSE | USER: unknown | DETAILS: GET /api/leads | Status: 200 | Time: 0.01s | STATUS: success
[2026-01-20 18:25:28] INFO | ACTION: API_RESPONSE | USER: unknown | DETAILS: GET /api/leads | Status: 200 | Time: 0.01s | STATUS: success
[2026-01-20 18:25:38] INFO | ACTION: API_REQUEST | USER: unknown | DETAILS: GET /api/contacts | STATUS: pending
[2026-01-20 18:25:38] INFO | ACTION: API_REQUEST | USER: unknown | DETAILS: GET /api/contacts | STATUS: pending
[2026-01-20 18:25:38] INFO | ACTION: API_RESPONSE | USER: unknown | DETAILS: GET /api/contacts | Status: 200 | Time: 0.01s | STATUS: success
[2026-01-20 18:25:38] INFO | ACTION: API_RESPONSE | USER: unknown | DETAILS: GET /api/contacts | Status: 200 | Time: 0.01s | STATUS: success
[2026-01-20 18:25:41] INFO | ACTION: API_REQUEST | USER: unknown | DETAILS: GET /api/accounts | STATUS: pending
[2026-01-20 18:25:41] INFO | ACTION: API_REQUEST | USER: unknown | DETAILS: GET /api/accounts | STATUS: pending
[2026-01-20 18:25:41] INFO | ACTION: API_RESPONSE | USER: unknown | DETAILS: GET /api/accounts | Status: 200 | Time: 0.01s | STATUS: success
[2026-01-20 18:25:41] INFO | ACTION: API_RESPONSE | USER: unknown | DETAILS: GET /api/accounts | Status: 200 | Time: 0.01s | STATUS: success
[2026-01-20 18:25:42] INFO | ACTION: API_REQUEST | USER: unknown | DETAILS: GET /api/leads | STATUS: pending
[2026-01-20 18:25:42] INFO | ACTION: API_REQUEST | USER: unknown | DETAILS: GET /api/opportunities | STATUS: pending
[2026-01-20 18:25:42] INFO | ACTION: API_REQUEST | USER: unknown | DETAILS: GET /api/contacts | STATUS: pending
[2026-01-20 18:25:42] INFO | ACTION: API_REQUEST | USER: unknown | DETAILS: GET /api/cases/by-priority | STATUS: pending
[2026-01-20 18:25:42] INFO | ACTION: API_REQUEST | USER: unknown | DETAILS: GET /api/dashboard/recent-records | STATUS: pending
[2026-01-20 18:25:42] INFO | ACTION: API_REQUEST | USER: unknown | DETAILS: GET /api/leads | STATUS: pending
[2026-01-20 18:25:42] INFO | ACTION: API_RESPONSE | USER: unknown | DETAILS: GET /api/leads | Status: 200 | Time: 0.01s | STATUS: success
[2026-01-20 18:25:42] INFO | ACTION: API_RESPONSE | USER: unknown | DETAILS: GET /api/opportunities | Status: 200 | Time: 0.01s | STATUS: success
[2026-01-20 18:25:42] INFO | ACTION: API_RESPONSE | USER: unknown | DETAILS: GET /api/contacts | Status: 200 | Time: 0.01s | STATUS: success
[2026-01-20 18:25:42] INFO | ACTION: API_RESPONSE | USER: unknown | DETAILS: GET /api/cases/by-priority | Status: 200 | Time: 0.02s | STATUS: success
[2026-01-20 18:25:42] INFO | ACTION: API_REQUEST | USER: unknown | DETAILS: GET /api/opportunities | STATUS: pending
[2026-01-20 18:25:42] INFO | ACTION: API_RESPONSE | USER: unknown | DETAILS: GET /api/dashboard/recent-records | Status: 200 | Time: 0.02s | STATUS: success
[2026-01-20 18:25:42] INFO | ACTION: API_REQUEST | USER: unknown | DETAILS: GET /api/contacts | STATUS: pending
[2026-01-20 18:25:42] INFO | ACTION: API_REQUEST | USER: unknown | DETAILS: GET /api/cases/by-priority | STATUS: pending
[2026-01-20 18:25:42] INFO | ACTION: API_RESPONSE | USER: unknown | DETAILS: GET /api/leads | Status: 200 | Time: 0.02s | STATUS: success
[2026-01-20 18:25:42] INFO | ACTION: API_REQUEST | USER: unknown | DETAILS: GET /api/dashboard/recent-records | STATUS: pending
[2026-01-20 18:25:42] INFO | ACTION: API_RESPONSE | USER: unknown | DETAILS: GET /api/opportunities | Status: 200 | Time: 0.01s | STATUS: success
[2026-01-20 18:25:42] INFO | ACTION: API_RESPONSE | USER: unknown | DETAILS: GET /api/contacts | Status: 200 | Time: 0.01s | STATUS: success
[2026-01-20 18:25:42] INFO | ACTION: API_RESPONSE | USER: unknown | DETAILS: GET /api/cases/by-priority | Status: 200 | Time: 0.01s | STATUS: success
[2026-01-20 18:25:42] INFO | ACTION: API_RESPONSE | USER: unknown | DETAILS: GET /api/dashboard/recent-records | Status: 200 | Time: 0.01s | STATUS: success
[2026-01-20 18:25:46] INFO | ACTION: API_REQUEST | USER: unknown | DETAILS: GET /api/opportunities/2 | STATUS: pending
[2026-01-20 18:25:46] INFO | ACTION: API_REQUEST | USER: unknown | DETAILS: GET /api/opportunities/2 | STATUS: pending
[2026-01-20 18:25:46] INFO | ACTION: API_RESPONSE | USER: unknown | DETAILS: GET /api/opportunities/2 | Status: 200 | Time: 0.02s | STATUS: success
[2026-01-20 18:25:46] INFO | ACTION: API_RESPONSE | USER: unknown | DETAILS: GET /api/opportunities/2 | Status: 200 | Time: 0.02s | STATUS: success
[2026-01-20 18:25:49] INFO | ACTION: API_REQUEST | USER: unknown | DETAILS: GET /api/accounts | STATUS: pending
[2026-01-20 18:25:49] INFO | ACTION: API_RESPONSE | USER: unknown | DETAILS: GET /api/accounts | Status: 200 | Time: 0.00s | STATUS: success
[2026-01-20 18:25:49] INFO | ACTION: API_REQUEST | USER: unknown | DETAILS: GET /api/auth/users | STATUS: pending
[2026-01-20 18:25:49] INFO | ACTION: API_RESPONSE | USER: unknown | DETAILS: GET /api/auth/users | Status: 200 | Time: 0.00s | STATUS: success
[2026-01-20 18:25:56] INFO | ACTION: API_REQUEST | USER: unknown | DETAILS: GET /api/contacts | STATUS: pending
[2026-01-20 18:25:56] INFO | ACTION: API_REQUEST | USER: unknown | DETAILS: GET /api/contacts | STATUS: pending
[2026-01-20 18:25:56] INFO | ACTION: API_RESPONSE | USER: unknown | DETAILS: GET /api/contacts | Status: 200 | Time: 0.01s | STATUS: success
[2026-01-20 18:25:56] INFO | ACTION: API_RESPONSE | USER: unknown | DETAILS: GET /api/contacts | Status: 200 | Time: 0.00s | STATUS: success
[2026-01-20 18:30:34] INFO | ACTION: API_REQUEST | USER: unknown | DETAILS: GET /api/leads | STATUS: pending
[2026-01-20 18:30:34] INFO | ACTION: API_REQUEST | USER: unknown | DETAILS: GET /api/opportunities | STATUS: pending
[2026-01-20 18:30:34] INFO | ACTION: API_REQUEST | USER: unknown | DETAILS: GET /api/contacts | STATUS: pending
[2026-01-20 18:30:34] INFO | ACTION: API_REQUEST | USER: unknown | DETAILS: GET /api/cases/by-priority | STATUS: pending
[2026-01-20 18:30:34] INFO | ACTION: API_REQUEST | USER: unknown | DETAILS: GET /api/dashboard/recent-records | STATUS: pending
[2026-01-20 18:30:34] INFO | ACTION: API_REQUEST | USER: unknown | DETAILS: GET /api/leads | STATUS: pending
[2026-01-20 18:30:34] INFO | ACTION: API_RESPONSE | USER: unknown | DETAILS: GET /api/leads | Status: 200 | Time: 0.07s | STATUS: success
[2026-01-20 18:30:34] INFO | ACTION: API_RESPONSE | USER: unknown | DETAILS: GET /api/opportunities | Status: 200 | Time: 0.04s | STATUS: success
[2026-01-20 18:30:34] INFO | ACTION: API_RESPONSE | USER: unknown | DETAILS: GET /api/contacts | Status: 200 | Time: 0.04s | STATUS: success
[2026-01-20 18:30:34] INFO | ACTION: API_RESPONSE | USER: unknown | DETAILS: GET /api/cases/by-priority | Status: 200 | Time: 0.04s | STATUS: success
[2026-01-20 18:30:34] INFO | ACTION: API_REQUEST | USER: unknown | DETAILS: GET /api/opportunities | STATUS: pending
[2026-01-20 18:30:34] INFO | ACTION: API_RESPONSE | USER: unknown | DETAILS: GET /api/dashboard/recent-records | Status: 200 | Time: 0.05s | STATUS: success
[2026-01-20 18:30:34] INFO | ACTION: API_REQUEST | USER: unknown | DETAILS: GET /api/contacts | STATUS: pending
[2026-01-20 18:30:34] INFO | ACTION: API_REQUEST | USER: unknown | DETAILS: GET /api/cases/by-priority | STATUS: pending
[2026-01-20 18:30:34] INFO | ACTION: API_RESPONSE | USER: unknown | DETAILS: GET /api/leads | Status: 200 | Time: 0.02s | STATUS: success
[2026-01-20 18:30:34] INFO | ACTION: API_REQUEST | USER: unknown | DETAILS: GET /api/dashboard/recent-records | STATUS: pending
[2026-01-20 18:30:34] INFO | ACTION: API_RESPONSE | USER: unknown | DETAILS: GET /api/opportunities | Status: 200 | Time: 0.02s | STATUS: success
[2026-01-20 18:30:34] INFO | ACTION: API_RESPONSE | USER: unknown | DETAILS: GET /api/contacts | Status: 200 | Time: 0.01s | STATUS: success
[2026-01-20 18:30:34] INFO | ACTION: API_RESPONSE | USER: unknown | DETAILS: GET /api/cases/by-priority | Status: 200 | Time: 0.01s | STATUS: success
[2026-01-20 18:30:34] INFO | ACTION: API_RESPONSE | USER: unknown | DETAILS: GET /api/dashboard/recent-records | Status: 200 | Time: 0.01s | STATUS: success
[2026-01-20 18:30:51] INFO | ACTION: API_REQUEST | USER: unknown | DETAILS: GET /api/contacts | STATUS: pending
[2026-01-20 18:30:51] INFO | ACTION: API_REQUEST | USER: unknown | DETAILS: GET /api/contacts | STATUS: pending
[2026-01-20 18:30:51] INFO | ACTION: API_RESPONSE | USER: unknown | DETAILS: GET /api/contacts | Status: 200 | Time: 0.02s | STATUS: success
[2026-01-20 18:30:51] INFO | ACTION: API_RESPONSE | USER: unknown | DETAILS: GET /api/contacts | Status: 200 | Time: 0.01s | STATUS: success
[2026-01-20 18:30:51] INFO | ACTION: API_REQUEST | USER: unknown | DETAILS: GET /api/accounts | STATUS: pending
[2026-01-20 18:30:51] INFO | ACTION: API_REQUEST | USER: unknown | DETAILS: GET /api/accounts | STATUS: pending
[2026-01-20 18:30:51] INFO | ACTION: API_RESPONSE | USER: unknown | DETAILS: GET /api/accounts | Status: 200 | Time: 0.01s | STATUS: success
[2026-01-20 18:30:51] INFO | ACTION: API_RESPONSE | USER: unknown | DETAILS: GET /api/accounts | Status: 200 | Time: 0.01s | STATUS: success
[2026-01-20 18:30:52] INFO | ACTION: API_REQUEST | USER: unknown | DETAILS: GET /api/cases | STATUS: pending
[2026-01-20 18:30:52] INFO | ACTION: API_RESPONSE | USER: unknown | DETAILS: GET /api/cases | Status: 200 | Time: 0.01s | STATUS: success
[2026-01-20 18:30:52] INFO | ACTION: API_REQUEST | USER: unknown | DETAILS: GET /api/cases | STATUS: pending
[2026-01-20 18:30:52] INFO | ACTION: API_RESPONSE | USER: unknown | DETAILS: GET /api/cases | Status: 200 | Time: 0.00s | STATUS: success
[2026-01-20 18:30:52] INFO | ACTION: API_REQUEST | USER: unknown | DETAILS: GET /api/leads | STATUS: pending
[2026-01-20 18:30:52] INFO | ACTION: API_REQUEST | USER: unknown | DETAILS: GET /api/leads | STATUS: pending
[2026-01-20 18:30:52] INFO | ACTION: API_RESPONSE | USER: unknown | DETAILS: GET /api/leads | Status: 200 | Time: 0.01s | STATUS: success
[2026-01-20 18:30:52] INFO | ACTION: API_RESPONSE | USER: unknown | DETAILS: GET /api/leads | Status: 200 | Time: 0.01s | STATUS: success
[2026-01-20 18:30:53] INFO | ACTION: API_REQUEST | USER: unknown | DETAILS: GET /api/cases | STATUS: pending
[2026-01-20 18:30:53] INFO | ACTION: API_REQUEST | USER: unknown | DETAILS: GET /api/cases | STATUS: pending
[2026-01-20 18:30:53] INFO | ACTION: API_RESPONSE | USER: unknown | DETAILS: GET /api/cases | Status: 200 | Time: 0.01s | STATUS: success
[2026-01-20 18:30:53] INFO | ACTION: API_RESPONSE | USER: unknown | DETAILS: GET /api/cases | Status: 200 | Time: 0.01s | STATUS: success
[2026-01-20 18:30:58] INFO | ACTION: API_REQUEST | USER: unknown | DETAILS: GET /api/leads | STATUS: pending
[2026-01-20 18:30:58] INFO | ACTION: API_REQUEST | USER: unknown | DETAILS: GET /api/opportunities | STATUS: pending
[2026-01-20 18:30:58] INFO | ACTION: API_REQUEST | USER: unknown | DETAILS: GET /api/contacts | STATUS: pending
[2026-01-20 18:30:58] INFO | ACTION: API_RESPONSE | USER: unknown | DETAILS: GET /api/leads | Status: 200 | Time: 0.01s | STATUS: success
[2026-01-20 18:30:58] INFO | ACTION: API_REQUEST | USER: unknown | DETAILS: GET /api/cases/by-priority | STATUS: pending
[2026-01-20 18:30:58] INFO | ACTION: API_REQUEST | USER: unknown | DETAILS: GET /api/dashboard/recent-records | STATUS: pending
[2026-01-20 18:30:58] INFO | ACTION: API_REQUEST | USER: unknown | DETAILS: GET /api/leads | STATUS: pending
[2026-01-20 18:30:58] INFO | ACTION: API_REQUEST | USER: unknown | DETAILS: GET /api/opportunities | STATUS: pending
[2026-01-20 18:30:58] INFO | ACTION: API_RESPONSE | USER: unknown | DETAILS: GET /api/opportunities | Status: 200 | Time: 0.01s | STATUS: success
[2026-01-20 18:30:58] INFO | ACTION: API_RESPONSE | USER: unknown | DETAILS: GET /api/contacts | Status: 200 | Time: 0.01s | STATUS: success
[2026-01-20 18:30:58] INFO | ACTION: API_RESPONSE | USER: unknown | DETAILS: GET /api/cases/by-priority | Status: 200 | Time: 0.02s | STATUS: success
[2026-01-20 18:30:58] INFO | ACTION: API_REQUEST | USER: unknown | DETAILS: GET /api/contacts | STATUS: pending
[2026-01-20 18:30:58] INFO | ACTION: API_RESPONSE | USER: unknown | DETAILS: GET /api/dashboard/recent-records | Status: 200 | Time: 0.02s | STATUS: success
[2026-01-20 18:30:58] INFO | ACTION: API_RESPONSE | USER: unknown | DETAILS: GET /api/leads | Status: 200 | Time: 0.02s | STATUS: success
[2026-01-20 18:30:58] INFO | ACTION: API_REQUEST | USER: unknown | DETAILS: GET /api/cases/by-priority | STATUS: pending
[2026-01-20 18:30:58] INFO | ACTION: API_RESPONSE | USER: unknown | DETAILS: GET /api/opportunities | Status: 200 | Time: 0.02s | STATUS: success
[2026-01-20 18:30:58] INFO | ACTION: API_REQUEST | USER: unknown | DETAILS: GET /api/dashboard/recent-records | STATUS: pending
[2026-01-20 18:30:58] INFO | ACTION: API_RESPONSE | USER: unknown | DETAILS: GET /api/contacts | Status: 200 | Time: 0.01s | STATUS: success
[2026-01-20 18:30:58] INFO | ACTION: API_RESPONSE | USER: unknown | DETAILS: GET /api/cases/by-priority | Status: 200 | Time: 0.01s | STATUS: success
[2026-01-20 18:30:58] INFO | ACTION: API_RESPONSE | USER: unknown | DETAILS: GET /api/dashboard/recent-records | Status: 200 | Time: 0.01s | STATUS: success
[2026-01-20 18:31:10] INFO | ACTION: API_REQUEST | USER: unknown | DETAILS: GET /api/opportunities/2 | STATUS: pending
[2026-01-20 18:31:10] INFO | ACTION: API_REQUEST | USER: unknown | DETAILS: GET /api/opportunities/2 | STATUS: pending
[2026-01-20 18:31:10] INFO | ACTION: API_RESPONSE | USER: unknown | DETAILS: GET /api/opportunities/2 | Status: 200 | Time: 0.02s | STATUS: success
[2026-01-20 18:31:10] INFO | ACTION: API_RESPONSE | USER: unknown | DETAILS: GET /api/opportunities/2 | Status: 200 | Time: 0.02s | STATUS: success
[2026-01-20 18:31:13] INFO | ACTION: API_REQUEST | USER: unknown | DETAILS: GET /api/leads | STATUS: pending
[2026-01-20 18:31:13] INFO | ACTION: API_REQUEST | USER: unknown | DETAILS: GET /api/opportunities | STATUS: pending
[2026-01-20 18:31:13] INFO | ACTION: API_REQUEST | USER: unknown | DETAILS: GET /api/contacts | STATUS: pending
[2026-01-20 18:31:13] INFO | ACTION: API_REQUEST | USER: unknown | DETAILS: GET /api/cases/by-priority | STATUS: pending
[2026-01-20 18:31:13] INFO | ACTION: API_REQUEST | USER: unknown | DETAILS: GET /api/dashboard/recent-records | STATUS: pending
[2026-01-20 18:31:13] INFO | ACTION: API_REQUEST | USER: unknown | DETAILS: GET /api/leads | STATUS: pending
[2026-01-20 18:31:13] INFO | ACTION: API_RESPONSE | USER: unknown | DETAILS: GET /api/leads | Status: 200 | Time: 0.01s | STATUS: success
[2026-01-20 18:31:13] INFO | ACTION: API_RESPONSE | USER: unknown | DETAILS: GET /api/opportunities | Status: 200 | Time: 0.01s | STATUS: success
[2026-01-20 18:31:13] INFO | ACTION: API_RESPONSE | USER: unknown | DETAILS: GET /api/contacts | Status: 200 | Time: 0.02s | STATUS: success
[2026-01-20 18:31:13] INFO | ACTION: API_REQUEST | USER: unknown | DETAILS: GET /api/opportunities | STATUS: pending
[2026-01-20 18:31:13] INFO | ACTION: API_RESPONSE | USER: unknown | DETAILS: GET /api/cases/by-priority | Status: 200 | Time: 0.02s | STATUS: success
[2026-01-20 18:31:13] INFO | ACTION: API_REQUEST | USER: unknown | DETAILS: GET /api/contacts | STATUS: pending
[2026-01-20 18:31:13] INFO | ACTION: API_RESPONSE | USER: unknown | DETAILS: GET /api/dashboard/recent-records | Status: 200 | Time: 0.02s | STATUS: success
[2026-01-20 18:31:13] INFO | ACTION: API_RESPONSE | USER: unknown | DETAILS: GET /api/leads | Status: 200 | Time: 0.01s | STATUS: success
[2026-01-20 18:31:13] INFO | ACTION: API_REQUEST | USER: unknown | DETAILS: GET /api/cases/by-priority | STATUS: pending
[2026-01-20 18:31:13] INFO | ACTION: API_REQUEST | USER: unknown | DETAILS: GET /api/dashboard/recent-records | STATUS: pending
[2026-01-20 18:31:13] INFO | ACTION: API_RESPONSE | USER: unknown | DETAILS: GET /api/opportunities | Status: 200 | Time: 0.01s | STATUS: success
[2026-01-20 18:31:13] INFO | ACTION: API_RESPONSE | USER: unknown | DETAILS: GET /api/contacts | Status: 200 | Time: 0.01s | STATUS: success
[2026-01-20 18:31:13] INFO | ACTION: API_RESPONSE | USER: unknown | DETAILS: GET /api/cases/by-priority | Status: 200 | Time: 0.01s | STATUS: success
[2026-01-20 18:31:13] INFO | ACTION: API_RESPONSE | USER: unknown | DETAILS: GET /api/dashboard/recent-records | Status: 200 | Time: 0.01s | STATUS: success
